<?xml version="1.0" encoding="UTF-8"?>
<!-- Generated by org.testng.reporters.JUnitReportReporter -->
<testsuite skipped="0" hostname="QA-SERGIY-K" name="tests.HomePageTest" tests="1" failures="0" timestamp="04 Jan 2018 13:46:54 GMT" time="5.552" errors="0">
  <testcase name="checkHeaderMenuUrl" time="5.552" classname="tests.HomePageTest"/>
</testsuite> <!-- tests.HomePageTest -->
